[32m[Nest] 23860  - [39m01/02/2026, 23:35:03 [32m    LOG[39m [38;5;3m[NestFactory] [39m[32mStarting Nest application...[39m
[32m[Nest] 23860  - [39m01/02/2026, 23:35:03 [32m    LOG[39m [38;5;3m[InstanceLoader] [39m[32mAppModule dependencies initialized[39m[38;5;3m +13ms[39m
[32m[Nest] 23860  - [39m01/02/2026, 23:35:03 [32m    LOG[39m [38;5;3m[InstanceLoader] [39m[32mPrismaModule dependencies initialized[39m[38;5;3m +6ms[39m
[32m[Nest] 23860  - [39m01/02/2026, 23:35:03 [32m    LOG[39m [38;5;3m[InstanceLoader] [39m[32mInventoryModule dependencies initialized[39m[38;5;3m +1ms[39m
[32m[Nest] 23860  - [39m01/02/2026, 23:35:03 [32m    LOG[39m [38;5;3m[InstanceLoader] [39m[32mSalesModule dependencies initialized[39m[38;5;3m +0ms[39m
[32m[Nest] 23860  - [39m01/02/2026, 23:35:03 [32m    LOG[39m [38;5;3m[InstanceLoader] [39m[32mReturnsModule dependencies initialized[39m[38;5;3m +0ms[39m
[32m[Nest] 23860  - [39m01/02/2026, 23:35:03 [32m    LOG[39m [38;5;3m[InstanceLoader] [39m[32mPaymentsModule dependencies initialized[39m[38;5;3m +0ms[39m
[32m[Nest] 23860  - [39m01/02/2026, 23:35:03 [32m    LOG[39m [38;5;3m[RoutesResolver] [39m[32mInventoryController {/inventory}:[39m[38;5;3m +6ms[39m
[32m[Nest] 23860  - [39m01/02/2026, 23:35:03 [32m    LOG[39m [38;5;3m[RouterExplorer] [39m[32mMapped {/inventory, POST} route[39m[38;5;3m +1ms[39m
[32m[Nest] 23860  - [39m01/02/2026, 23:35:03 [32m    LOG[39m [38;5;3m[RouterExplorer] [39m[32mMapped {/inventory, GET} route[39m[38;5;3m +0ms[39m
[32m[Nest] 23860  - [39m01/02/2026, 23:35:03 [32m    LOG[39m [38;5;3m[RouterExplorer] [39m[32mMapped {/inventory/:id, GET} route[39m[38;5;3m +0ms[39m
[32m[Nest] 23860  - [39m01/02/2026, 23:35:03 [32m    LOG[39m [38;5;3m[RouterExplorer] [39m[32mMapped {/inventory/:id, PATCH} route[39m[38;5;3m +1ms[39m
[32m[Nest] 23860  - [39m01/02/2026, 23:35:03 [32m    LOG[39m [38;5;3m[RouterExplorer] [39m[32mMapped {/inventory/:id, DELETE} route[39m[38;5;3m +0ms[39m
[32m[Nest] 23860  - [39m01/02/2026, 23:35:03 [32m    LOG[39m [38;5;3m[RoutesResolver] [39m[32mSalesController {/sales}:[39m[38;5;3m +0ms[39m
[32m[Nest] 23860  - [39m01/02/2026, 23:35:03 [32m    LOG[39m [38;5;3m[RouterExplorer] [39m[32mMapped {/sales, POST} route[39m[38;5;3m +0ms[39m
[32m[Nest] 23860  - [39m01/02/2026, 23:35:03 [32m    LOG[39m [38;5;3m[RouterExplorer] [39m[32mMapped {/sales, GET} route[39m[38;5;3m +0ms[39m
[32m[Nest] 23860  - [39m01/02/2026, 23:35:03 [32m    LOG[39m [38;5;3m[RouterExplorer] [39m[32mMapped {/sales/:id, GET} route[39m[38;5;3m +0ms[39m
[32m[Nest] 23860  - [39m01/02/2026, 23:35:03 [32m    LOG[39m [38;5;3m[RoutesResolver] [39m[32mReturnsController {/returns}:[39m[38;5;3m +0ms[39m
[32m[Nest] 23860  - [39m01/02/2026, 23:35:03 [32m    LOG[39m [38;5;3m[RouterExplorer] [39m[32mMapped {/returns, POST} route[39m[38;5;3m +0ms[39m
[32m[Nest] 23860  - [39m01/02/2026, 23:35:03 [32m    LOG[39m [38;5;3m[RouterExplorer] [39m[32mMapped {/returns, GET} route[39m[38;5;3m +0ms[39m
[32m[Nest] 23860  - [39m01/02/2026, 23:35:03 [32m    LOG[39m [38;5;3m[RouterExplorer] [39m[32mMapped {/returns/:id, GET} route[39m[38;5;3m +0ms[39m
[32m[Nest] 23860  - [39m01/02/2026, 23:35:03 [32m    LOG[39m [38;5;3m[RoutesResolver] [39m[32mPaymentsController {/payments}:[39m[38;5;3m +0ms[39m
[32m[Nest] 23860  - [39m01/02/2026, 23:35:03 [32m    LOG[39m [38;5;3m[RouterExplorer] [39m[32mMapped {/payments, POST} route[39m[38;5;3m +1ms[39m
[32m[Nest] 23860  - [39m01/02/2026, 23:35:03 [32m    LOG[39m [38;5;3m[RouterExplorer] [39m[32mMapped {/payments/sale/:saleId, GET} route[39m[38;5;3m +0ms[39m
[32m[Nest] 23860  - [39m01/02/2026, 23:35:03 [32m    LOG[39m [38;5;3m[NestApplication] [39m[32mNest application successfully started[39m[38;5;3m +1ms[39m
Application is running on: http://[::1]:3000
[Nest] 23860  - 01/02/2026, 23:35:13   ERROR [ExceptionsHandler] 
Invalid `this.prisma.client.sale.findUnique()` invocation in
C:\Spare Parts\Project\dist\payment\payment.service.js:20:52

  17     this.prisma = prisma;
  18 }
  19 async create(dto) {
 20     const sale = await this.prisma.client.sale.findUnique(
The table `public.payments` does not exist in the current database.
PrismaClientKnownRequestError: 
Invalid `this.prisma.client.sale.findUnique()` invocation in
C:\Spare Parts\Project\dist\payment\payment.service.js:20:52

  17     this.prisma = prisma;
  18 }
  19 async create(dto) {
 20     const sale = await this.prisma.client.sale.findUnique(
The table `public.payments` does not exist in the current database.
    at ei.handleRequestError (C:\Spare Parts\Project\node_modules\@prisma\client\runtime\library.js:121:7268)
    at ei.handleAndLogRequestError (C:\Spare Parts\Project\node_modules\@prisma\client\runtime\library.js:121:6593)
    at ei.request (C:\Spare Parts\Project\node_modules\@prisma\client\runtime\library.js:121:6300)
    at async a (C:\Spare Parts\Project\node_modules\@prisma\client\runtime\library.js:130:9551)
    at async PaymentsService.create (C:\Spare Parts\Project\dist\payment\payment.service.js:20:22)
    at async C:\Spare Parts\Project\node_modules\@nestjs\core\router\router-execution-context.js:46:28
    at async C:\Spare Parts\Project\node_modules\@nestjs\core\router\router-proxy.js:9:17
    at async C:\Spare Parts\Project\node_modules\@nestjs\core\router\router-explorer.js:177:17
