
> partstack@1.0.0 start:dev
> nest start --watch

[2J[3J[H[[90m01:14:36[0m] Starting compilation in watch mode...

[[90m01:14:40[0m] Found 0 errors. Watching for file changes.

(node:22340) [DEP0190] DeprecationWarning: Passing args to a child process with shell option true can lead to security vulnerabilities, as the arguments are not escaped, only concatenated.
(Use `node --trace-deprecation ...` to show where the warning was created)
[32m[Nest] 20908  - [39m02/02/2026, 01:14:42 [32m    LOG[39m [38;5;3m[NestFactory] [39m[32mStarting Nest application...[39m
[32m[Nest] 20908  - [39m02/02/2026, 01:14:42 [32m    LOG[39m [38;5;3m[InstanceLoader] [39m[32mAppModule dependencies initialized[39m[38;5;3m +19ms[39m
[32m[Nest] 20908  - [39m02/02/2026, 01:14:42 [32m    LOG[39m [38;5;3m[InstanceLoader] [39m[32mPrismaModule dependencies initialized[39m[38;5;3m +63ms[39m
[32m[Nest] 20908  - [39m02/02/2026, 01:14:42 [32m    LOG[39m [38;5;3m[InstanceLoader] [39m[32mInventoryModule dependencies initialized[39m[38;5;3m +1ms[39m
[32m[Nest] 20908  - [39m02/02/2026, 01:14:42 [32m    LOG[39m [38;5;3m[InstanceLoader] [39m[32mSalesModule dependencies initialized[39m[38;5;3m +0ms[39m
[32m[Nest] 20908  - [39m02/02/2026, 01:14:42 [32m    LOG[39m [38;5;3m[InstanceLoader] [39m[32mReturnsModule dependencies initialized[39m[38;5;3m +0ms[39m
[32m[Nest] 20908  - [39m02/02/2026, 01:14:42 [32m    LOG[39m [38;5;3m[InstanceLoader] [39m[32mPaymentsModule dependencies initialized[39m[38;5;3m +0ms[39m
[32m[Nest] 20908  - [39m02/02/2026, 01:14:42 [32m    LOG[39m [38;5;3m[RoutesResolver] [39m[32mInventoryController {/inventory}:[39m[38;5;3m +9ms[39m
[32m[Nest] 20908  - [39m02/02/2026, 01:14:42 [32m    LOG[39m [38;5;3m[RouterExplorer] [39m[32mMapped {/inventory, POST} route[39m[38;5;3m +2ms[39m
[32m[Nest] 20908  - [39m02/02/2026, 01:14:42 [32m    LOG[39m [38;5;3m[RouterExplorer] [39m[32mMapped {/inventory, GET} route[39m[38;5;3m +1ms[39m
[32m[Nest] 20908  - [39m02/02/2026, 01:14:42 [32m    LOG[39m [38;5;3m[RouterExplorer] [39m[32mMapped {/inventory/:id, GET} route[39m[38;5;3m +0ms[39m
[32m[Nest] 20908  - [39m02/02/2026, 01:14:42 [32m    LOG[39m [38;5;3m[RouterExplorer] [39m[32mMapped {/inventory/:id, PATCH} route[39m[38;5;3m +1ms[39m
[32m[Nest] 20908  - [39m02/02/2026, 01:14:42 [32m    LOG[39m [38;5;3m[RouterExplorer] [39m[32mMapped {/inventory/:id, DELETE} route[39m[38;5;3m +0ms[39m
[32m[Nest] 20908  - [39m02/02/2026, 01:14:42 [32m    LOG[39m [38;5;3m[RoutesResolver] [39m[32mSalesController {/sales}:[39m[38;5;3m +0ms[39m
[32m[Nest] 20908  - [39m02/02/2026, 01:14:42 [32m    LOG[39m [38;5;3m[RouterExplorer] [39m[32mMapped {/sales, POST} route[39m[38;5;3m +0ms[39m
[32m[Nest] 20908  - [39m02/02/2026, 01:14:42 [32m    LOG[39m [38;5;3m[RouterExplorer] [39m[32mMapped {/sales, GET} route[39m[38;5;3m +0ms[39m
[32m[Nest] 20908  - [39m02/02/2026, 01:14:42 [32m    LOG[39m [38;5;3m[RouterExplorer] [39m[32mMapped {/sales/:id, GET} route[39m[38;5;3m +0ms[39m
[32m[Nest] 20908  - [39m02/02/2026, 01:14:42 [32m    LOG[39m [38;5;3m[RoutesResolver] [39m[32mReturnsController {/returns}:[39m[38;5;3m +0ms[39m
[32m[Nest] 20908  - [39m02/02/2026, 01:14:42 [32m    LOG[39m [38;5;3m[RouterExplorer] [39m[32mMapped {/returns, POST} route[39m[38;5;3m +1ms[39m
[32m[Nest] 20908  - [39m02/02/2026, 01:14:42 [32m    LOG[39m [38;5;3m[RouterExplorer] [39m[32mMapped {/returns, GET} route[39m[38;5;3m +0ms[39m
[32m[Nest] 20908  - [39m02/02/2026, 01:14:42 [32m    LOG[39m [38;5;3m[RouterExplorer] [39m[32mMapped {/returns/:id, GET} route[39m[38;5;3m +0ms[39m
[32m[Nest] 20908  - [39m02/02/2026, 01:14:42 [32m    LOG[39m [38;5;3m[RoutesResolver] [39m[32mPaymentsController {/payments}:[39m[38;5;3m +0ms[39m
[32m[Nest] 20908  - [39m02/02/2026, 01:14:42 [32m    LOG[39m [38;5;3m[RouterExplorer] [39m[32mMapped {/payments, POST} route[39m[38;5;3m +0ms[39m
[32m[Nest] 20908  - [39m02/02/2026, 01:14:42 [32m    LOG[39m [38;5;3m[RouterExplorer] [39m[32mMapped {/payments/sale/:saleId, GET} route[39m[38;5;3m +0ms[39m
[32m[Nest] 20908  - [39m02/02/2026, 01:14:42 [32m    LOG[39m [38;5;3m[NestApplication] [39m[32mNest application successfully started[39m[38;5;3m +2ms[39m
Application is running on: http://[::1]:3000
