
> partstack@1.0.0 start:dev
> nest start --watch

[2J[3J[H[[90m15:54:36[0m] Starting compilation in watch mode...

[[90m15:54:41[0m] Found 0 errors. Watching for file changes.

(node:23112) [DEP0190] DeprecationWarning: Passing args to a child process with shell option true can lead to security vulnerabilities, as the arguments are not escaped, only concatenated.
(Use `node --trace-deprecation ...` to show where the warning was created)
[32m[Nest] 16212  - [39m02/02/2026, 15:54:43 [32m    LOG[39m [38;5;3m[NestFactory] [39m[32mStarting Nest application...[39m
[32m[Nest] 16212  - [39m02/02/2026, 15:54:43 [32m    LOG[39m [38;5;3m[InstanceLoader] [39m[32mAppModule dependencies initialized[39m[38;5;3m +15ms[39m
[32m[Nest] 16212  - [39m02/02/2026, 15:54:43 [32m    LOG[39m [38;5;3m[InstanceLoader] [39m[32mPrismaModule dependencies initialized[39m[38;5;3m +44ms[39m
[32m[Nest] 16212  - [39m02/02/2026, 15:54:43 [32m    LOG[39m [38;5;3m[InstanceLoader] [39m[32mInventoryModule dependencies initialized[39m[38;5;3m +1ms[39m
[32m[Nest] 16212  - [39m02/02/2026, 15:54:43 [32m    LOG[39m [38;5;3m[InstanceLoader] [39m[32mSalesModule dependencies initialized[39m[38;5;3m +0ms[39m
[32m[Nest] 16212  - [39m02/02/2026, 15:54:43 [32m    LOG[39m [38;5;3m[InstanceLoader] [39m[32mReturnsModule dependencies initialized[39m[38;5;3m +0ms[39m
[32m[Nest] 16212  - [39m02/02/2026, 15:54:43 [32m    LOG[39m [38;5;3m[InstanceLoader] [39m[32mPaymentsModule dependencies initialized[39m[38;5;3m +0ms[39m
[32m[Nest] 16212  - [39m02/02/2026, 15:54:43 [32m    LOG[39m [38;5;3m[InstanceLoader] [39m[32mCashSessionModule dependencies initialized[39m[38;5;3m +1ms[39m
[32m[Nest] 16212  - [39m02/02/2026, 15:54:43 [32m    LOG[39m [38;5;3m[InstanceLoader] [39m[32mInvoicesModule dependencies initialized[39m[38;5;3m +0ms[39m
[32m[Nest] 16212  - [39m02/02/2026, 15:54:43 [32m    LOG[39m [38;5;3m[InstanceLoader] [39m[32mReceiptsModule dependencies initialized[39m[38;5;3m +0ms[39m
[32m[Nest] 16212  - [39m02/02/2026, 15:54:43 [32m    LOG[39m [38;5;3m[RoutesResolver] [39m[32mInventoryController {/inventory}:[39m[38;5;3m +9ms[39m
[32m[Nest] 16212  - [39m02/02/2026, 15:54:43 [32m    LOG[39m [38;5;3m[RouterExplorer] [39m[32mMapped {/inventory, POST} route[39m[38;5;3m +1ms[39m
[32m[Nest] 16212  - [39m02/02/2026, 15:54:43 [32m    LOG[39m [38;5;3m[RouterExplorer] [39m[32mMapped {/inventory, GET} route[39m[38;5;3m +0ms[39m
[32m[Nest] 16212  - [39m02/02/2026, 15:54:43 [32m    LOG[39m [38;5;3m[RouterExplorer] [39m[32mMapped {/inventory/:id, GET} route[39m[38;5;3m +0ms[39m
[32m[Nest] 16212  - [39m02/02/2026, 15:54:43 [32m    LOG[39m [38;5;3m[RouterExplorer] [39m[32mMapped {/inventory/:id, PATCH} route[39m[38;5;3m +0ms[39m
[32m[Nest] 16212  - [39m02/02/2026, 15:54:43 [32m    LOG[39m [38;5;3m[RouterExplorer] [39m[32mMapped {/inventory/:id, DELETE} route[39m[38;5;3m +0ms[39m
[32m[Nest] 16212  - [39m02/02/2026, 15:54:43 [32m    LOG[39m [38;5;3m[RoutesResolver] [39m[32mSalesController {/sales}:[39m[38;5;3m +0ms[39m
[32m[Nest] 16212  - [39m02/02/2026, 15:54:43 [32m    LOG[39m [38;5;3m[RouterExplorer] [39m[32mMapped {/sales, POST} route[39m[38;5;3m +1ms[39m
[32m[Nest] 16212  - [39m02/02/2026, 15:54:43 [32m    LOG[39m [38;5;3m[RouterExplorer] [39m[32mMapped {/sales, GET} route[39m[38;5;3m +0ms[39m
[32m[Nest] 16212  - [39m02/02/2026, 15:54:43 [32m    LOG[39m [38;5;3m[RouterExplorer] [39m[32mMapped {/sales/:id, GET} route[39m[38;5;3m +0ms[39m
[32m[Nest] 16212  - [39m02/02/2026, 15:54:43 [32m    LOG[39m [38;5;3m[RoutesResolver] [39m[32mReturnsController {/returns}:[39m[38;5;3m +0ms[39m
[32m[Nest] 16212  - [39m02/02/2026, 15:54:43 [32m    LOG[39m [38;5;3m[RouterExplorer] [39m[32mMapped {/returns, POST} route[39m[38;5;3m +0ms[39m
[32m[Nest] 16212  - [39m02/02/2026, 15:54:43 [32m    LOG[39m [38;5;3m[RouterExplorer] [39m[32mMapped {/returns, GET} route[39m[38;5;3m +0ms[39m
[32m[Nest] 16212  - [39m02/02/2026, 15:54:43 [32m    LOG[39m [38;5;3m[RouterExplorer] [39m[32mMapped {/returns/:id, GET} route[39m[38;5;3m +0ms[39m
[32m[Nest] 16212  - [39m02/02/2026, 15:54:43 [32m    LOG[39m [38;5;3m[RoutesResolver] [39m[32mPaymentsController {/payments}:[39m[38;5;3m +0ms[39m
[32m[Nest] 16212  - [39m02/02/2026, 15:54:43 [32m    LOG[39m [38;5;3m[RouterExplorer] [39m[32mMapped {/payments, POST} route[39m[38;5;3m +0ms[39m
[32m[Nest] 16212  - [39m02/02/2026, 15:54:43 [32m    LOG[39m [38;5;3m[RouterExplorer] [39m[32mMapped {/payments/sale/:saleId, GET} route[39m[38;5;3m +0ms[39m
[32m[Nest] 16212  - [39m02/02/2026, 15:54:43 [32m    LOG[39m [38;5;3m[RoutesResolver] [39m[32mCashSessionController {/cash-sessions}:[39m[38;5;3m +1ms[39m
[32m[Nest] 16212  - [39m02/02/2026, 15:54:43 [32m    LOG[39m [38;5;3m[RouterExplorer] [39m[32mMapped {/cash-sessions/open, POST} route[39m[38;5;3m +0ms[39m
[32m[Nest] 16212  - [39m02/02/2026, 15:54:43 [32m    LOG[39m [38;5;3m[RouterExplorer] [39m[32mMapped {/cash-sessions/close, POST} route[39m[38;5;3m +0ms[39m
[32m[Nest] 16212  - [39m02/02/2026, 15:54:43 [32m    LOG[39m [38;5;3m[RouterExplorer] [39m[32mMapped {/cash-sessions/current/:branchId, GET} route[39m[38;5;3m +0ms[39m
[32m[Nest] 16212  - [39m02/02/2026, 15:54:43 [32m    LOG[39m [38;5;3m[RoutesResolver] [39m[32mInvoicesController {/invoices}:[39m[38;5;3m +0ms[39m
[32m[Nest] 16212  - [39m02/02/2026, 15:54:43 [32m    LOG[39m [38;5;3m[RouterExplorer] [39m[32mMapped {/invoices, GET} route[39m[38;5;3m +0ms[39m
[32m[Nest] 16212  - [39m02/02/2026, 15:54:43 [32m    LOG[39m [38;5;3m[RouterExplorer] [39m[32mMapped {/invoices/:id, GET} route[39m[38;5;3m +0ms[39m
[32m[Nest] 16212  - [39m02/02/2026, 15:54:43 [32m    LOG[39m [38;5;3m[RouterExplorer] [39m[32mMapped {/invoices/sale/:saleId, GET} route[39m[38;5;3m +0ms[39m
[32m[Nest] 16212  - [39m02/02/2026, 15:54:43 [32m    LOG[39m [38;5;3m[RoutesResolver] [39m[32mReceiptsController {/receipts}:[39m[38;5;3m +0ms[39m
[32m[Nest] 16212  - [39m02/02/2026, 15:54:43 [32m    LOG[39m [38;5;3m[RouterExplorer] [39m[32mMapped {/receipts, GET} route[39m[38;5;3m +0ms[39m
[32m[Nest] 16212  - [39m02/02/2026, 15:54:43 [32m    LOG[39m [38;5;3m[RouterExplorer] [39m[32mMapped {/receipts/:id, GET} route[39m[38;5;3m +0ms[39m
[32m[Nest] 16212  - [39m02/02/2026, 15:54:43 [32m    LOG[39m [38;5;3m[RouterExplorer] [39m[32mMapped {/receipts/payment/:paymentId, GET} route[39m[38;5;3m +0ms[39m
[32m[Nest] 16212  - [39m02/02/2026, 15:54:43 [32m    LOG[39m [38;5;3m[NestApplication] [39m[32mNest application successfully started[39m[38;5;3m +2ms[39m
Application is running on: http://[::1]:3000
[2J[3J[H[[90m15:59:53[0m] File change detected. Starting incremental compilation...

[[90m15:59:55[0m] Found 0 errors. Watching for file changes.

[32m[Nest] 18928  - [39m02/02/2026, 15:59:56 [32m    LOG[39m [38;5;3m[NestFactory] [39m[32mStarting Nest application...[39m
[32m[Nest] 18928  - [39m02/02/2026, 15:59:56 [32m    LOG[39m [38;5;3m[InstanceLoader] [39m[32mAppModule dependencies initialized[39m[38;5;3m +16ms[39m
[32m[Nest] 18928  - [39m02/02/2026, 15:59:56 [32m    LOG[39m [38;5;3m[InstanceLoader] [39m[32mPrismaModule dependencies initialized[39m[38;5;3m +9ms[39m
[32m[Nest] 18928  - [39m02/02/2026, 15:59:56 [32m    LOG[39m [38;5;3m[InstanceLoader] [39m[32mInventoryModule dependencies initialized[39m[38;5;3m +0ms[39m
[32m[Nest] 18928  - [39m02/02/2026, 15:59:56 [32m    LOG[39m [38;5;3m[InstanceLoader] [39m[32mSalesModule dependencies initialized[39m[38;5;3m +1ms[39m
[32m[Nest] 18928  - [39m02/02/2026, 15:59:56 [32m    LOG[39m [38;5;3m[InstanceLoader] [39m[32mReturnsModule dependencies initialized[39m[38;5;3m +0ms[39m
[32m[Nest] 18928  - [39m02/02/2026, 15:59:56 [32m    LOG[39m [38;5;3m[InstanceLoader] [39m[32mPaymentsModule dependencies initialized[39m[38;5;3m +0ms[39m
[32m[Nest] 18928  - [39m02/02/2026, 15:59:56 [32m    LOG[39m [38;5;3m[InstanceLoader] [39m[32mCashSessionModule dependencies initialized[39m[38;5;3m +0ms[39m
[32m[Nest] 18928  - [39m02/02/2026, 15:59:56 [32m    LOG[39m [38;5;3m[InstanceLoader] [39m[32mInvoicesModule dependencies initialized[39m[38;5;3m +0ms[39m
[32m[Nest] 18928  - [39m02/02/2026, 15:59:56 [32m    LOG[39m [38;5;3m[InstanceLoader] [39m[32mReceiptsModule dependencies initialized[39m[38;5;3m +0ms[39m
[32m[Nest] 18928  - [39m02/02/2026, 15:59:56 [32m    LOG[39m [38;5;3m[RoutesResolver] [39m[32mInventoryController {/inventory}:[39m[38;5;3m +6ms[39m
[32m[Nest] 18928  - [39m02/02/2026, 15:59:56 [32m    LOG[39m [38;5;3m[RouterExplorer] [39m[32mMapped {/inventory, POST} route[39m[38;5;3m +1ms[39m
[32m[Nest] 18928  - [39m02/02/2026, 15:59:56 [32m    LOG[39m [38;5;3m[RouterExplorer] [39m[32mMapped {/inventory, GET} route[39m[38;5;3m +0ms[39m
[32m[Nest] 18928  - [39m02/02/2026, 15:59:56 [32m    LOG[39m [38;5;3m[RouterExplorer] [39m[32mMapped {/inventory/:id, GET} route[39m[38;5;3m +0ms[39m
[32m[Nest] 18928  - [39m02/02/2026, 15:59:56 [32m    LOG[39m [38;5;3m[RouterExplorer] [39m[32mMapped {/inventory/:id, PATCH} route[39m[38;5;3m +1ms[39m
[32m[Nest] 18928  - [39m02/02/2026, 15:59:56 [32m    LOG[39m [38;5;3m[RouterExplorer] [39m[32mMapped {/inventory/:id, DELETE} route[39m[38;5;3m +0ms[39m
[32m[Nest] 18928  - [39m02/02/2026, 15:59:56 [32m    LOG[39m [38;5;3m[RoutesResolver] [39m[32mSalesController {/sales}:[39m[38;5;3m +0ms[39m
[32m[Nest] 18928  - [39m02/02/2026, 15:59:56 [32m    LOG[39m [38;5;3m[RouterExplorer] [39m[32mMapped {/sales, POST} route[39m[38;5;3m +0ms[39m
[32m[Nest] 18928  - [39m02/02/2026, 15:59:56 [32m    LOG[39m [38;5;3m[RouterExplorer] [39m[32mMapped {/sales, GET} route[39m[38;5;3m +0ms[39m
[32m[Nest] 18928  - [39m02/02/2026, 15:59:56 [32m    LOG[39m [38;5;3m[RouterExplorer] [39m[32mMapped {/sales/:id, GET} route[39m[38;5;3m +0ms[39m
[32m[Nest] 18928  - [39m02/02/2026, 15:59:56 [32m    LOG[39m [38;5;3m[RoutesResolver] [39m[32mReturnsController {/returns}:[39m[38;5;3m +0ms[39m
[32m[Nest] 18928  - [39m02/02/2026, 15:59:56 [32m    LOG[39m [38;5;3m[RouterExplorer] [39m[32mMapped {/returns, POST} route[39m[38;5;3m +1ms[39m
[32m[Nest] 18928  - [39m02/02/2026, 15:59:56 [32m    LOG[39m [38;5;3m[RouterExplorer] [39m[32mMapped {/returns, GET} route[39m[38;5;3m +0ms[39m
[32m[Nest] 18928  - [39m02/02/2026, 15:59:56 [32m    LOG[39m [38;5;3m[RouterExplorer] [39m[32mMapped {/returns/:id, GET} route[39m[38;5;3m +0ms[39m
[32m[Nest] 18928  - [39m02/02/2026, 15:59:56 [32m    LOG[39m [38;5;3m[RoutesResolver] [39m[32mPaymentsController {/payments}:[39m[38;5;3m +0ms[39m
[32m[Nest] 18928  - [39m02/02/2026, 15:59:56 [32m    LOG[39m [38;5;3m[RouterExplorer] [39m[32mMapped {/payments, POST} route[39m[38;5;3m +0ms[39m
[32m[Nest] 18928  - [39m02/02/2026, 15:59:56 [32m    LOG[39m [38;5;3m[RouterExplorer] [39m[32mMapped {/payments/sale/:saleId, GET} route[39m[38;5;3m +0ms[39m
[32m[Nest] 18928  - [39m02/02/2026, 15:59:56 [32m    LOG[39m [38;5;3m[RoutesResolver] [39m[32mCashSessionController {/cash-sessions}:[39m[38;5;3m +0ms[39m
[32m[Nest] 18928  - [39m02/02/2026, 15:59:56 [32m    LOG[39m [38;5;3m[RouterExplorer] [39m[32mMapped {/cash-sessions/open, POST} route[39m[38;5;3m +0ms[39m
[32m[Nest] 18928  - [39m02/02/2026, 15:59:56 [32m    LOG[39m [38;5;3m[RouterExplorer] [39m[32mMapped {/cash-sessions/close, POST} route[39m[38;5;3m +0ms[39m
[32m[Nest] 18928  - [39m02/02/2026, 15:59:56 [32m    LOG[39m [38;5;3m[RouterExplorer] [39m[32mMapped {/cash-sessions/current/:branchId, GET} route[39m[38;5;3m +0ms[39m
[32m[Nest] 18928  - [39m02/02/2026, 15:59:56 [32m    LOG[39m [38;5;3m[RoutesResolver] [39m[32mInvoicesController {/invoices}:[39m[38;5;3m +1ms[39m
[32m[Nest] 18928  - [39m02/02/2026, 15:59:56 [32m    LOG[39m [38;5;3m[RouterExplorer] [39m[32mMapped {/invoices, GET} route[39m[38;5;3m +0ms[39m
[32m[Nest] 18928  - [39m02/02/2026, 15:59:56 [32m    LOG[39m [38;5;3m[RouterExplorer] [39m[32mMapped {/invoices/:id, GET} route[39m[38;5;3m +0ms[39m
[32m[Nest] 18928  - [39m02/02/2026, 15:59:56 [32m    LOG[39m [38;5;3m[RouterExplorer] [39m[32mMapped {/invoices/sale/:saleId, GET} route[39m[38;5;3m +0ms[39m
[32m[Nest] 18928  - [39m02/02/2026, 15:59:56 [32m    LOG[39m [38;5;3m[RoutesResolver] [39m[32mReceiptsController {/receipts}:[39m[38;5;3m +0ms[39m
[32m[Nest] 18928  - [39m02/02/2026, 15:59:56 [32m    LOG[39m [38;5;3m[RouterExplorer] [39m[32mMapped {/receipts, GET} route[39m[38;5;3m +0ms[39m
[32m[Nest] 18928  - [39m02/02/2026, 15:59:56 [32m    LOG[39m [38;5;3m[RouterExplorer] [39m[32mMapped {/receipts/:id, GET} route[39m[38;5;3m +0ms[39m
[32m[Nest] 18928  - [39m02/02/2026, 15:59:56 [32m    LOG[39m [38;5;3m[RouterExplorer] [39m[32mMapped {/receipts/payment/:paymentId, GET} route[39m[38;5;3m +0ms[39m
[32m[Nest] 18928  - [39m02/02/2026, 15:59:56 [32m    LOG[39m [38;5;3m[NestApplication] [39m[32mNest application successfully started[39m[38;5;3m +2ms[39m
Application is running on: http://[::1]:3000
[2J[3J[H[[90m16:00:05[0m] File change detected. Starting incremental compilation...

[[90m16:00:06[0m] Found 0 errors. Watching for file changes.

[32m[Nest] 9616  - [39m02/02/2026, 16:00:07 [32m    LOG[39m [38;5;3m[NestFactory] [39m[32mStarting Nest application...[39m
[32m[Nest] 9616  - [39m02/02/2026, 16:00:07 [32m    LOG[39m [38;5;3m[InstanceLoader] [39m[32mAppModule dependencies initialized[39m[38;5;3m +29ms[39m
[32m[Nest] 9616  - [39m02/02/2026, 16:00:07 [32m    LOG[39m [38;5;3m[InstanceLoader] [39m[32mPrismaModule dependencies initialized[39m[38;5;3m +10ms[39m
[32m[Nest] 9616  - [39m02/02/2026, 16:00:07 [32m    LOG[39m [38;5;3m[InstanceLoader] [39m[32mInventoryModule dependencies initialized[39m[38;5;3m +1ms[39m
[32m[Nest] 9616  - [39m02/02/2026, 16:00:07 [32m    LOG[39m [38;5;3m[InstanceLoader] [39m[32mSalesModule dependencies initialized[39m[38;5;3m +0ms[39m
[32m[Nest] 9616  - [39m02/02/2026, 16:00:07 [32m    LOG[39m [38;5;3m[InstanceLoader] [39m[32mReturnsModule dependencies initialized[39m[38;5;3m +0ms[39m
[32m[Nest] 9616  - [39m02/02/2026, 16:00:07 [32m    LOG[39m [38;5;3m[InstanceLoader] [39m[32mPaymentsModule dependencies initialized[39m[38;5;3m +0ms[39m
[32m[Nest] 9616  - [39m02/02/2026, 16:00:07 [32m    LOG[39m [38;5;3m[InstanceLoader] [39m[32mCashSessionModule dependencies initialized[39m[38;5;3m +0ms[39m
[32m[Nest] 9616  - [39m02/02/2026, 16:00:07 [32m    LOG[39m [38;5;3m[InstanceLoader] [39m[32mInvoicesModule dependencies initialized[39m[38;5;3m +0ms[39m
[32m[Nest] 9616  - [39m02/02/2026, 16:00:07 [32m    LOG[39m [38;5;3m[InstanceLoader] [39m[32mReceiptsModule dependencies initialized[39m[38;5;3m +0ms[39m
[32m[Nest] 9616  - [39m02/02/2026, 16:00:07 [32m    LOG[39m [38;5;3m[RoutesResolver] [39m[32mInventoryController {/inventory}:[39m[38;5;3m +8ms[39m
[32m[Nest] 9616  - [39m02/02/2026, 16:00:07 [32m    LOG[39m [38;5;3m[RouterExplorer] [39m[32mMapped {/inventory, POST} route[39m[38;5;3m +1ms[39m
[32m[Nest] 9616  - [39m02/02/2026, 16:00:07 [32m    LOG[39m [38;5;3m[RouterExplorer] [39m[32mMapped {/inventory, GET} route[39m[38;5;3m +0ms[39m
[32m[Nest] 9616  - [39m02/02/2026, 16:00:07 [32m    LOG[39m [38;5;3m[RouterExplorer] [39m[32mMapped {/inventory/:id, GET} route[39m[38;5;3m +0ms[39m
[32m[Nest] 9616  - [39m02/02/2026, 16:00:07 [32m    LOG[39m [38;5;3m[RouterExplorer] [39m[32mMapped {/inventory/:id, PATCH} route[39m[38;5;3m +0ms[39m
[32m[Nest] 9616  - [39m02/02/2026, 16:00:07 [32m    LOG[39m [38;5;3m[RouterExplorer] [39m[32mMapped {/inventory/:id, DELETE} route[39m[38;5;3m +0ms[39m
[32m[Nest] 9616  - [39m02/02/2026, 16:00:07 [32m    LOG[39m [38;5;3m[RoutesResolver] [39m[32mSalesController {/sales}:[39m[38;5;3m +0ms[39m
[32m[Nest] 9616  - [39m02/02/2026, 16:00:07 [32m    LOG[39m [38;5;3m[RouterExplorer] [39m[32mMapped {/sales, POST} route[39m[38;5;3m +1ms[39m
[32m[Nest] 9616  - [39m02/02/2026, 16:00:07 [32m    LOG[39m [38;5;3m[RouterExplorer] [39m[32mMapped {/sales, GET} route[39m[38;5;3m +0ms[39m
[32m[Nest] 9616  - [39m02/02/2026, 16:00:07 [32m    LOG[39m [38;5;3m[RouterExplorer] [39m[32mMapped {/sales/:id, GET} route[39m[38;5;3m +0ms[39m
[32m[Nest] 9616  - [39m02/02/2026, 16:00:07 [32m    LOG[39m [38;5;3m[RoutesResolver] [39m[32mReturnsController {/returns}:[39m[38;5;3m +0ms[39m
[32m[Nest] 9616  - [39m02/02/2026, 16:00:07 [32m    LOG[39m [38;5;3m[RouterExplorer] [39m[32mMapped {/returns, POST} route[39m[38;5;3m +0ms[39m
[32m[Nest] 9616  - [39m02/02/2026, 16:00:07 [32m    LOG[39m [38;5;3m[RouterExplorer] [39m[32mMapped {/returns, GET} route[39m[38;5;3m +0ms[39m
[32m[Nest] 9616  - [39m02/02/2026, 16:00:07 [32m    LOG[39m [38;5;3m[RouterExplorer] [39m[32mMapped {/returns/:id, GET} route[39m[38;5;3m +0ms[39m
[32m[Nest] 9616  - [39m02/02/2026, 16:00:07 [32m    LOG[39m [38;5;3m[RoutesResolver] [39m[32mPaymentsController {/payments}:[39m[38;5;3m +0ms[39m
[32m[Nest] 9616  - [39m02/02/2026, 16:00:07 [32m    LOG[39m [38;5;3m[RouterExplorer] [39m[32mMapped {/payments, POST} route[39m[38;5;3m +1ms[39m
[32m[Nest] 9616  - [39m02/02/2026, 16:00:07 [32m    LOG[39m [38;5;3m[RouterExplorer] [39m[32mMapped {/payments/sale/:saleId, GET} route[39m[38;5;3m +0ms[39m
[32m[Nest] 9616  - [39m02/02/2026, 16:00:07 [32m    LOG[39m [38;5;3m[RoutesResolver] [39m[32mCashSessionController {/cash-sessions}:[39m[38;5;3m +0ms[39m
[32m[Nest] 9616  - [39m02/02/2026, 16:00:07 [32m    LOG[39m [38;5;3m[RouterExplorer] [39m[32mMapped {/cash-sessions/open, POST} route[39m[38;5;3m +0ms[39m
[32m[Nest] 9616  - [39m02/02/2026, 16:00:07 [32m    LOG[39m [38;5;3m[RouterExplorer] [39m[32mMapped {/cash-sessions/close, POST} route[39m[38;5;3m +0ms[39m
[32m[Nest] 9616  - [39m02/02/2026, 16:00:07 [32m    LOG[39m [38;5;3m[RouterExplorer] [39m[32mMapped {/cash-sessions/current/:branchId, GET} route[39m[38;5;3m +0ms[39m
[32m[Nest] 9616  - [39m02/02/2026, 16:00:07 [32m    LOG[39m [38;5;3m[RoutesResolver] [39m[32mInvoicesController {/invoices}:[39m[38;5;3m +0ms[39m
[32m[Nest] 9616  - [39m02/02/2026, 16:00:07 [32m    LOG[39m [38;5;3m[RouterExplorer] [39m[32mMapped {/invoices, GET} route[39m[38;5;3m +0ms[39m
[32m[Nest] 9616  - [39m02/02/2026, 16:00:07 [32m    LOG[39m [38;5;3m[RouterExplorer] [39m[32mMapped {/invoices/:id, GET} route[39m[38;5;3m +0ms[39m
[32m[Nest] 9616  - [39m02/02/2026, 16:00:07 [32m    LOG[39m [38;5;3m[RouterExplorer] [39m[32mMapped {/invoices/sale/:saleId, GET} route[39m[38;5;3m +0ms[39m
[32m[Nest] 9616  - [39m02/02/2026, 16:00:07 [32m    LOG[39m [38;5;3m[RoutesResolver] [39m[32mReceiptsController {/receipts}:[39m[38;5;3m +0ms[39m
[32m[Nest] 9616  - [39m02/02/2026, 16:00:07 [32m    LOG[39m [38;5;3m[RouterExplorer] [39m[32mMapped {/receipts, GET} route[39m[38;5;3m +1ms[39m
[32m[Nest] 9616  - [39m02/02/2026, 16:00:07 [32m    LOG[39m [38;5;3m[RouterExplorer] [39m[32mMapped {/receipts/:id, GET} route[39m[38;5;3m +0ms[39m
[32m[Nest] 9616  - [39m02/02/2026, 16:00:07 [32m    LOG[39m [38;5;3m[RouterExplorer] [39m[32mMapped {/receipts/payment/:paymentId, GET} route[39m[38;5;3m +0ms[39m
[32m[Nest] 9616  - [39m02/02/2026, 16:00:07 [32m    LOG[39m [38;5;3m[NestApplication] [39m[32mNest application successfully started[39m[38;5;3m +1ms[39m
Application is running on: http://[::1]:3000
[TenantMiddleware] Error resolving tenant 'alpha': PrismaClientInitializationError: 
Invalid `this.prisma.tenant.findUnique()` invocation in
C:\Spare Parts\Project\src\common\middleware\tenant.middleware.ts:41:53

  38 }
  39 
  40 try {
 41     const tenant = await this.prisma.tenant.findUnique(
Can't reach database server at `aws-1-eu-central-1.pooler.supabase.com:5432`

Please make sure your database server is running at `aws-1-eu-central-1.pooler.supabase.com:5432`.
    at ei.handleRequestError (C:\Spare Parts\Project\node_modules\@prisma\client\src\runtime\RequestHandler.ts:242:13)
    at ei.handleAndLogRequestError (C:\Spare Parts\Project\node_modules\@prisma\client\src\runtime\RequestHandler.ts:174:12)
    at ei.request (C:\Spare Parts\Project\node_modules\@prisma\client\src\runtime\RequestHandler.ts:143:12)
    at async a (C:\Spare Parts\Project\node_modules\@prisma\client\src\runtime\getPrismaClient.ts:833:24)
    at async TenantMiddleware.use (C:\Spare Parts\Project\src\common\middleware\tenant.middleware.ts:41:28)
    at async C:\Spare Parts\Project\node_modules\@nestjs\core\router\router-proxy.js:9:17 {
  clientVersion: '6.19.2',
  errorCode: undefined,
  retryable: undefined
}
[Nest] 9616  - 02/02/2026, 16:01:22   ERROR [ExceptionsHandler] 
Invalid `this.prisma.tenant.findUnique()` invocation in
C:\Spare Parts\Project\src\common\middleware\tenant.middleware.ts:41:53

  38 }
  39 
  40 try {
 41     const tenant = await this.prisma.tenant.findUnique(
Can't reach database server at `aws-1-eu-central-1.pooler.supabase.com:5432`

Please make sure your database server is running at `aws-1-eu-central-1.pooler.supabase.com:5432`.
PrismaClientInitializationError: 
Invalid `this.prisma.tenant.findUnique()` invocation in
C:\Spare Parts\Project\src\common\middleware\tenant.middleware.ts:41:53

  38 }
  39 
  40 try {
 41     const tenant = await this.prisma.tenant.findUnique(
Can't reach database server at `aws-1-eu-central-1.pooler.supabase.com:5432`

Please make sure your database server is running at `aws-1-eu-central-1.pooler.supabase.com:5432`.
    at ei.handleRequestError (C:\Spare Parts\Project\node_modules\@prisma\client\src\runtime\RequestHandler.ts:242:13)
    at ei.handleAndLogRequestError (C:\Spare Parts\Project\node_modules\@prisma\client\src\runtime\RequestHandler.ts:174:12)
    at ei.request (C:\Spare Parts\Project\node_modules\@prisma\client\src\runtime\RequestHandler.ts:143:12)
    at async a (C:\Spare Parts\Project\node_modules\@prisma\client\src\runtime\getPrismaClient.ts:833:24)
    at async TenantMiddleware.use (C:\Spare Parts\Project\src\common\middleware\tenant.middleware.ts:41:28)
    at async C:\Spare Parts\Project\node_modules\@nestjs\core\router\router-proxy.js:9:17
