[32m[Nest] 22736  - [39m11/02/2026, 00:49:27 [32m    LOG[39m [38;5;3m[NestFactory] [39m[32mStarting Nest application...[39m
[32m[Nest] 22736  - [39m11/02/2026, 00:49:27 [32m    LOG[39m [38;5;3m[InstanceLoader] [39m[32mAppModule dependencies initialized[39m[38;5;3m +35ms[39m
[32m[Nest] 22736  - [39m11/02/2026, 00:49:27 [32m    LOG[39m [38;5;3m[InstanceLoader] [39m[32mPassportModule dependencies initialized[39m[38;5;3m +9ms[39m
[32m[Nest] 22736  - [39m11/02/2026, 00:49:27 [32m    LOG[39m [38;5;3m[InstanceLoader] [39m[32mJwtModule dependencies initialized[39m[38;5;3m +10ms[39m
[32m[Nest] 22736  - [39m11/02/2026, 00:49:27 [32m    LOG[39m [38;5;3m[InstanceLoader] [39m[32mPrismaModule dependencies initialized[39m[38;5;3m +1ms[39m
[32m[Nest] 22736  - [39m11/02/2026, 00:49:27 [32m    LOG[39m [38;5;3m[InstanceLoader] [39m[32mAuthModule dependencies initialized[39m[38;5;3m +4ms[39m
[32m[Nest] 22736  - [39m11/02/2026, 00:49:27 [32m    LOG[39m [38;5;3m[InstanceLoader] [39m[32mStripePaymentsModule dependencies initialized[39m[38;5;3m +1ms[39m
[32m[Nest] 22736  - [39m11/02/2026, 00:49:27 [32m    LOG[39m [38;5;3m[InstanceLoader] [39m[32mBranchesModule dependencies initialized[39m[38;5;3m +3ms[39m
[32m[Nest] 22736  - [39m11/02/2026, 00:49:27 [32m    LOG[39m [38;5;3m[InstanceLoader] [39m[32mInventoryModule dependencies initialized[39m[38;5;3m +0ms[39m
[32m[Nest] 22736  - [39m11/02/2026, 00:49:27 [32m    LOG[39m [38;5;3m[InstanceLoader] [39m[32mTaxModule dependencies initialized[39m[38;5;3m +0ms[39m
[32m[Nest] 22736  - [39m11/02/2026, 00:49:27 [32m    LOG[39m [38;5;3m[InstanceLoader] [39m[32mCustomersModule dependencies initialized[39m[38;5;3m +0ms[39m
[32m[Nest] 22736  - [39m11/02/2026, 00:49:27 [32m    LOG[39m [38;5;3m[InstanceLoader] [39m[32mReturnsModule dependencies initialized[39m[38;5;3m +0ms[39m
[32m[Nest] 22736  - [39m11/02/2026, 00:49:27 [32m    LOG[39m [38;5;3m[InstanceLoader] [39m[32mCashSessionModule dependencies initialized[39m[38;5;3m +0ms[39m
[32m[Nest] 22736  - [39m11/02/2026, 00:49:27 [32m    LOG[39m [38;5;3m[InstanceLoader] [39m[32mInvoicesModule dependencies initialized[39m[38;5;3m +0ms[39m
[32m[Nest] 22736  - [39m11/02/2026, 00:49:27 [32m    LOG[39m [38;5;3m[InstanceLoader] [39m[32mReceiptsModule dependencies initialized[39m[38;5;3m +0ms[39m
[32m[Nest] 22736  - [39m11/02/2026, 00:49:27 [32m    LOG[39m [38;5;3m[InstanceLoader] [39m[32mZReportsModule dependencies initialized[39m[38;5;3m +0ms[39m
[32m[Nest] 22736  - [39m11/02/2026, 00:49:27 [32m    LOG[39m [38;5;3m[InstanceLoader] [39m[32mAnalyticsModule dependencies initialized[39m[38;5;3m +0ms[39m
[32m[Nest] 22736  - [39m11/02/2026, 00:49:27 [32m    LOG[39m [38;5;3m[InstanceLoader] [39m[32mSuppliersModule dependencies initialized[39m[38;5;3m +1ms[39m
[32m[Nest] 22736  - [39m11/02/2026, 00:49:27 [32m    LOG[39m [38;5;3m[InstanceLoader] [39m[32mReportsModule dependencies initialized[39m[38;5;3m +0ms[39m
[32m[Nest] 22736  - [39m11/02/2026, 00:49:27 [32m    LOG[39m [38;5;3m[InstanceLoader] [39m[32mAccountingModule dependencies initialized[39m[38;5;3m +0ms[39m
[32m[Nest] 22736  - [39m11/02/2026, 00:49:27 [32m    LOG[39m [38;5;3m[InstanceLoader] [39m[32mAccountingReportsModule dependencies initialized[39m[38;5;3m +0ms[39m
[32m[Nest] 22736  - [39m11/02/2026, 00:49:27 [32m    LOG[39m [38;5;3m[InstanceLoader] [39m[32mPaymentsModule dependencies initialized[39m[38;5;3m +0ms[39m
[32m[Nest] 22736  - [39m11/02/2026, 00:49:27 [32m    LOG[39m [38;5;3m[InstanceLoader] [39m[32mPurchaseOrdersModule dependencies initialized[39m[38;5;3m +0ms[39m
[32m[Nest] 22736  - [39m11/02/2026, 00:49:27 [32m    LOG[39m [38;5;3m[InstanceLoader] [39m[32mSalesModule dependencies initialized[39m[38;5;3m +0ms[39m

=== FINANCIAL STATEMENTS VERIFICATION ===
Tenant: 9234b003-ef07-4b29-8f5a-c7adb0cfac9a, User: admin@alpha.com

Test Start Time: 2026-02-10T22:49:28.760Z
Cleaning up old test data...
[TenantAwarePrismaService] [DEBUG] Context: tenantId=9234b003-ef07-4b29-8f5a-c7adb0cfac9a, isPlatformUser=false
[TenantAwarePrismaService] [DEBUG] Context: tenantId=9234b003-ef07-4b29-8f5a-c7adb0cfac9a, isPlatformUser=false
[TenantAwarePrismaService] [DEBUG] Context: tenantId=9234b003-ef07-4b29-8f5a-c7adb0cfac9a, isPlatformUser=false
Ô£ô Test data cleaned

[TenantAwarePrismaService] [DEBUG] Context: tenantId=9234b003-ef07-4b29-8f5a-c7adb0cfac9a, isPlatformUser=false
[TenantAwarePrismaService] [DEBUG] Context: tenantId=9234b003-ef07-4b29-8f5a-c7adb0cfac9a, isPlatformUser=false
--- 1. Setting up Test Data ---
[TenantAwarePrismaService] [DEBUG] Context: tenantId=9234b003-ef07-4b29-8f5a-c7adb0cfac9a, isPlatformUser=false
[TenantAwarePrismaService] [DEBUG] Context: tenantId=9234b003-ef07-4b29-8f5a-c7adb0cfac9a, isPlatformUser=false
[TenantAwarePrismaService] [DEBUG] Context: tenantId=9234b003-ef07-4b29-8f5a-c7adb0cfac9a, isPlatformUser=false
Ô£ô Product Created: Financial Statement Test Product FINSTAT-1770763771348
[TenantAwarePrismaService] [DEBUG] Context: tenantId=9234b003-ef07-4b29-8f5a-c7adb0cfac9a, isPlatformUser=false
[TenantAwarePrismaService] [DEBUG] Context: tenantId=9234b003-ef07-4b29-8f5a-c7adb0cfac9a, isPlatformUser=false
[TenantAwarePrismaService] [DEBUG] Context: tenantId=9234b003-ef07-4b29-8f5a-c7adb0cfac9a, isPlatformUser=false
Ô£ô PO Received: 10 units @ $50/unit = $500
[TenantAwarePrismaService] [DEBUG] Context: tenantId=9234b003-ef07-4b29-8f5a-c7adb0cfac9a, isPlatformUser=false
[SalesService] [DEBUG] Starting create sale. branchId: 94d65866-978a-4470-b4d4-71dde0bcc0c5, customer: Walk-in Customer, items count: 1
[TenantAwarePrismaService] [DEBUG] Context: tenantId=9234b003-ef07-4b29-8f5a-c7adb0cfac9a, isPlatformUser=false
[SalesService] [DEBUG] Creating sale. Subtotal: 200, Tax: 0, Total: 200
Ô£ô Sale Created: 2 units @ $100/unit = $200
[TenantAwarePrismaService] [DEBUG] Context: tenantId=9234b003-ef07-4b29-8f5a-c7adb0cfac9a, isPlatformUser=false
[TenantAwarePrismaService] [DEBUG] Context: tenantId=9234b003-ef07-4b29-8f5a-c7adb0cfac9a, isPlatformUser=false
[TenantAwarePrismaService] [DEBUG] Context: tenantId=9234b003-ef07-4b29-8f5a-c7adb0cfac9a, isPlatformUser=false
[TenantAwarePrismaService] [DEBUG] Context: tenantId=9234b003-ef07-4b29-8f5a-c7adb0cfac9a, isPlatformUser=false
Ô£ô Payment Received: $200

Test End Time: 2026-02-10T22:49:45.348Z
Report Date Range: 2026-02-10T22:49:28.760Z to 2026-02-10T22:49:45.348Z

--- 2. Running Financial Reports ---

­ƒôè TRIAL BALANCE
[TenantAwarePrismaService] [DEBUG] Context: tenantId=9234b003-ef07-4b29-8f5a-c7adb0cfac9a, isPlatformUser=false
[TenantAwarePrismaService] [DEBUG] Context: tenantId=9234b003-ef07-4b29-8f5a-c7adb0cfac9a, isPlatformUser=false
   Accounts: 6
   1000 Cash on Hand: Dr 200.00, Cr 0.00, Bal 200.00
   1200 Inventory Asset: Dr 500.00, Cr 100.00, Bal 400.00
   2000 Accounts Payable: Dr 0.00, Cr 500.00, Bal -500.00
   4000 Sales Revenue: Dr 0.00, Cr 200.00, Bal -200.00
   5000 Cost of Goods Sold: Dr 100.00, Cr 0.00, Bal 100.00
   Total Debits: $1000.00
   Total Credits: $1000.00
   Ô£à PASS: Trial Balance is balanced

­ƒôè INCOME STATEMENT (P&L)
[TenantAwarePrismaService] [DEBUG] Context: tenantId=9234b003-ef07-4b29-8f5a-c7adb0cfac9a, isPlatformUser=false
   Revenue: $200.00
   COGS: $100.00
   Gross Profit: $100.00
   Expenses: $0.00
   Net Profit: $100.00
   Ô£à PASS: Income Statement calculations correct

­ƒôè BALANCE SHEET
[TenantAwarePrismaService] [DEBUG] Context: tenantId=9234b003-ef07-4b29-8f5a-c7adb0cfac9a, isPlatformUser=false
[TenantAwarePrismaService] [DEBUG] Context: tenantId=9234b003-ef07-4b29-8f5a-c7adb0cfac9a, isPlatformUser=false
   Total Assets: $600.00
   Total Liabilities: $500.00
   Total Equity: $100.00
   Balance Check (Assets - (Liabilities + Equity)): 0.00
   Ô£à PASS: Balance Sheet balances (Assets = Liabilities + Equity)

­ƒôè CASH FLOW STATEMENT
[TenantAwarePrismaService] [DEBUG] Context: tenantId=9234b003-ef07-4b29-8f5a-c7adb0cfac9a, isPlatformUser=false
[TenantAwarePrismaService] [DEBUG] Context: tenantId=9234b003-ef07-4b29-8f5a-c7adb0cfac9a, isPlatformUser=false
   Cash from Sales: $200.00
   Cash to Suppliers: $0.00
   Other Operating: $0.00
   Net Operating Cash: $200.00
   Net Cash Change: $200.00
   Ô£à PASS: Cash Flow reflects payments correctly

=== Ô£à ALL FINANCIAL STATEMENTS VERIFIED SUCCESSFULLY ===

